[33m[39m
[33m Wed, 05 Jul 2017 13:59:33 GMT YOUR CURRENT BTC BALANCE IS:[39m
[33m{"Currency":"BTC","Balance":0.13510315,"Available":0.13510315,"Pending":0,"CryptoAddress":null} [39m
[33m[39m
Connected!
[32mWed, 05 Jul 2017 13:59:36 GMT BTC-ANS RT%: 0.0003327107360154672 $: 0.003039[39m
[32mWed, 05 Jul 2017 13:59:36 GMT BTC-LTC RT%: 0.0010214504596526652 $: 0.0196[39m
[32mWed, 05 Jul 2017 13:59:36 GMT BTC-NXT RT%: 0.008973639932697742 $: 0.00005393[39m
[32mWed, 05 Jul 2017 13:59:36 GMT BTC-EDG RT%: 0.03701854493580597 $: 0.00029062[39m
[32mWed, 05 Jul 2017 13:59:36 GMT RULE ACCEPTED / ATTEMPT BUY[39m
[32mWed, 05 Jul 2017 13:59:36 GMT BTC-EDG RT%: 0.03701854493580597 $: 0.00029062[39m
[32mWed, 05 Jul 2017 13:59:36 GMT BTC-ETH RT%: 0.001167047146401907 $: 0.10086758[39m
[32mWed, 05 Jul 2017 13:59:37 GMT ------------------- SUCCESSFUL BUY ORDER PLACE ----------------------[39m
[32mWed, 05 Jul 2017 13:59:37 GMT BTC-EDG QNT: 2.064551648200399 RT: 0.00029091062[39m
[33mWed, 05 Jul 2017 13:59:37 GMT PLACE SELL[39m
SELL CURRENCY
{"Currency":"EDG","Balance":null,"Available":null,"Pending":null,"CryptoAddress":null}
[33mWed, 05 Jul 2017 13:59:37 GMT PLACE SELL[39m
SELL CURRENCY
{"Currency":"EDG","Balance":2.06455164,"Available":2.06455164,"Pending":0,"CryptoAddress":null}
[32mWed, 05 Jul 2017 13:59:38 GMT BTC-MUE RT%: 0.000212449543233516 $: 0.00004707[39m
[32mWed, 05 Jul 2017 13:59:38 GMT BTC-ANT RT%: 0.010556121602729658 $: 0.00085297[39m
[32mWed, 05 Jul 2017 13:59:38 GMT BTC-FCT RT%: 0.0031158833682088678 $: 0.0098501[39m
[32mWed, 05 Jul 2017 13:59:39 GMT ------------------- SUCCESSFUL SELL ORDER PLACE ----------------------[39m
[32mWed, 05 Jul 2017 13:59:39 GMT BTC-EDG QNT: 2.064551648200399 RT: 0.000305456151[39m
[32mWed, 05 Jul 2017 13:59:40 GMT BTC-OK RT%: 0.005922165820643008 $: 0.00005944[39m
[32mWed, 05 Jul 2017 13:59:41 GMT BTC-VOX RT%: 0.00027785495971107527 $: 0.000036[39m
[32mWed, 05 Jul 2017 13:59:41 GMT BTC-XEL RT%: 0.00029010733971574117 $: 0.00013797[39m
[32mWed, 05 Jul 2017 13:59:46 GMT BTC-XEL RT%: 0.0003625290023201944 $: 0.00013797[39m
[32mWed, 05 Jul 2017 13:59:46 GMT BTC-FUN RT%: 0.001001001001001161 $: 0.00001[39m
[32mWed, 05 Jul 2017 13:59:48 GMT BTC-WAVES RT%: 0.008479366873940101 $: 0.001784[39m
[32mWed, 05 Jul 2017 13:59:48 GMT BTC-OK RT%: 0.007401177460050391 $: 0.00005989[39m
[32mWed, 05 Jul 2017 13:59:49 GMT BTC-PIVX RT%: 0.000019334693206850346 $: 0.00104894[39m
[32mWed, 05 Jul 2017 13:59:49 GMT BTC-XMR RT%: 0.006253144541076768 $: 0.0182[39m
[32mWed, 05 Jul 2017 13:59:49 GMT BTC-AUR RT%: 0.03271522569364563 $: 0.00022448[39m
[32mWed, 05 Jul 2017 13:59:49 GMT RULE ACCEPTED / ATTEMPT BUY[39m
[32mWed, 05 Jul 2017 13:59:49 GMT BTC-AUR RT%: 0.03271522569364563 $: 0.00022448[39m
[32mWed, 05 Jul 2017 13:59:49 GMT ------------------- SUCCESSFUL BUY ORDER PLACE ----------------------[39m
[32mWed, 05 Jul 2017 13:59:49 GMT BTC-AUR QNT: 2.672843905915894 RT: 0.00022470447999999997[39m
[33mWed, 05 Jul 2017 13:59:49 GMT PLACE SELL[39m
SELL CURRENCY
{"Currency":"AUR","Balance":0,"Available":0,"Pending":0,"CryptoAddress":null}
[33mWed, 05 Jul 2017 13:59:50 GMT PLACE SELL[39m
SELL CURRENCY
{"Currency":"AUR","Balance":2.6728439,"Available":2.6728439,"Pending":0,"CryptoAddress":null}
[32mWed, 05 Jul 2017 13:59:51 GMT BTC-AUR RT%: 0.00017822135091774766 $: 0.00022448[39m
[32mWed, 05 Jul 2017 13:59:51 GMT BTC-GBG RT%: 0.00013844662882451643 $: 0.00007334[39m
[32mWed, 05 Jul 2017 13:59:51 GMT BTC-LMC RT%: 0.013723696248856382 $: 0.00002221[39m
[32mWed, 05 Jul 2017 13:59:51 GMT BTC-CFI RT%: 0.0012251148545175993 $: 0.0000653[39m
[32mWed, 05 Jul 2017 13:59:51 GMT ------------------- SUCCESSFUL SELL ORDER PLACE ----------------------[39m
[32mWed, 05 Jul 2017 13:59:51 GMT BTC-AUR QNT: 2.672843905915894 RT: 0.00023593970399999998[39m
[32mWed, 05 Jul 2017 13:59:54 GMT BTC-ANS RT%: 0.0007639922546992438 $: 0.003039[39m
[32mWed, 05 Jul 2017 13:59:54 GMT BTC-ADT RT%: 0.0026246719160104735 $: 0.00002292[39m
[32mWed, 05 Jul 2017 13:59:54 GMT BTC-VOX RT%: 0.00055586436909403 $: 0.000036[39m
